<?xml version="1.0" encoding="UTF-8"?>
<testng-results ignored="0" total="1" passed="1" failed="0" skipped="0">
  <reporter-output>
  </reporter-output>
  <suite started-at="2024-06-04T15:26:47 BST" name="SitaTestingTestSuite" finished-at="2024-06-04T15:27:00 BST" duration-ms="12496">
    <groups>
    </groups>
    <test started-at="2024-06-04T15:26:47 BST" name="SitaTesting" finished-at="2024-06-04T15:27:00 BST" duration-ms="12496">
      <class name="testsuite.ReservationNowTestSuite">
        <test-method is-config="true" signature="browserSetup(java.lang.String)[pri:0, instance:testsuite.ReservationNowTestSuite@41005828]" started-at="2024-06-04T15:26:47 BST" name="browserSetup" finished-at="2024-06-04T15:26:49 BST" duration-ms="2289" status="PASS">
          <params>
            <param index="0">
              <value>
                <![CDATA[chrome]]>
              </value>
            </param>
          </params>
          <reporter-output>
          </reporter-output>
        </test-method> <!-- browserSetup -->
        <test-method signature="testCase1()[pri:0, instance:testsuite.ReservationNowTestSuite@41005828]" started-at="2024-06-04T15:26:50 BST" name="testCase1" finished-at="2024-06-04T15:26:59 BST" duration-ms="9369" status="PASS">
          <reporter-output>
          </reporter-output>
        </test-method> <!-- testCase1 -->
      </class> <!-- testsuite.ReservationNowTestSuite -->
    </test> <!-- SitaTesting -->
  </suite> <!-- SitaTestingTestSuite -->
</testng-results>
