<?xml version="1.0" encoding="UTF-8"?>
<!-- Generated by org.testng.reporters.JUnitXMLReporter -->
<testsuite ignored="0" hostname="VIJAYAKUMAR" failures="0" tests="1" name="SitaTesting" time="0.893" errors="0" timestamp="2024-06-03T03:16:16 BST">
  <testcase classname="testsuite.ReservationNowTestSuite" name="@BeforeTest browserSetup" time="0.013">
    <failure type="java.lang.IllegalArgumentException" message="Invalid browser value: ${browser}">
      <![CDATA[java.lang.IllegalArgumentException: Invalid browser value: ${browser}
at uiExecution.UIOperation.UIOperationdriver(UIOperation.java:52)
at testsuite.ReservationNowTestSuite.browserSetup(ReservationNowTestSuite.java:44)
... Removed 24 stack frames]]>
    </failure>
  </testcase> <!-- @BeforeTest browserSetup -->
  <testcase classname="testsuite.ReservationNowTestSuite" name="testCase1" time="0.0">
    <skipped/>
  </testcase> <!-- testCase1 -->
</testsuite> <!-- SitaTesting -->
